<?xml version="1.0" encoding="UTF-8"?>
<testng-results skipped="0" failed="0" ignored="0" total="2" passed="2">
  <reporter-output>
  </reporter-output>
  <suite name="Suite" duration-ms="14711" started-at="2021-01-26T10:16:06 IST" finished-at="2021-01-26T10:16:20 IST">
    <groups>
    </groups>
    <test name="Test" duration-ms="14711" started-at="2021-01-26T10:16:06 IST" finished-at="2021-01-26T10:16:20 IST">
      <class name="ParallelExecution.parallelexecution">
        <test-method status="PASS" signature="createreport()[pri:0, instance:ParallelExecution.parallelexecution@3a883ce7]" name="createreport" duration-ms="14561" started-at="2021-01-26T10:16:06 IST" finished-at="2021-01-26T10:16:20 IST">
          <reporter-output>
          </reporter-output>
        </test-method> <!-- createreport -->
        <test-method status="PASS" signature="createuser()[pri:0, instance:ParallelExecution.parallelexecution@3a883ce7]" name="createuser" duration-ms="10426" started-at="2021-01-26T10:16:06 IST" finished-at="2021-01-26T10:16:16 IST">
          <reporter-output>
          </reporter-output>
        </test-method> <!-- createuser -->
      </class> <!-- ParallelExecution.parallelexecution -->
    </test> <!-- Test -->
  </suite> <!-- Suite -->
</testng-results>
